<?xml version="1.0" encoding="UTF-8"?>
<testsuites name="jest tests" tests="1" failures="0" errors="0" time="4.345">
  <testsuite name="undefined" errors="0" failures="0" skipped="0" timestamp="2023-02-08T04:18:01" time="4.239" tests="1">
    <testcase classname=" SQS Queue Created" name=" SQS Queue Created" time="0.026">
    </testcase>
  </testsuite>
</testsuites>